c:\users\philip\documents\visual studio 2010\projects\elevator\elevator\debug\interface.obj
c:\users\philip\documents\visual studio 2010\projects\elevator\elevator\debug\vc100.pdb
c:\users\philip\documents\visual studio 2010\projects\elevator\debug\elevator.ilk
c:\users\philip\documents\visual studio 2010\projects\elevator\debug\elevator.exe
c:\users\philip\documents\visual studio 2010\projects\elevator\elevator\debug\elevator.exe.intermediate.manifest
c:\users\philip\documents\visual studio 2010\projects\elevator\debug\elevator.pdb
c:\users\philip\documents\visual studio 2010\projects\elevator\elevator\debug\vc120.pdb
c:\users\philip\documents\visual studio 2010\projects\elevator\elevator\debug\vc120.idb
c:\users\philip\documents\visual studio 2010\projects\elevator\elevator\debug\cl.command.1.tlog
c:\users\philip\documents\visual studio 2010\projects\elevator\elevator\debug\cl.read.1.tlog
c:\users\philip\documents\visual studio 2010\projects\elevator\elevator\debug\cl.write.1.tlog
c:\users\philip\documents\visual studio 2010\projects\elevator\elevator\debug\link.command.1.tlog
c:\users\philip\documents\visual studio 2010\projects\elevator\elevator\debug\link.read.1.tlog
c:\users\philip\documents\visual studio 2010\projects\elevator\elevator\debug\link.write.1.tlog
c:\users\philip\documents\visual studio 2010\projects\elevator\elevator\debug\mt.command.1.tlog
c:\users\philip\documents\visual studio 2010\projects\elevator\elevator\debug\mt.read.1.tlog
c:\users\philip\documents\visual studio 2010\projects\elevator\elevator\debug\mt.write.1.tlog
c:\users\philip\documents\visual studio 2010\projects\elevator\elevator\debug\vc100.idb
c:\users\philip\documents\visual studio 2010\projects\elevator\elevator\debug\elevator.tlog\cl.command.1.tlog
c:\users\philip\documents\visual studio 2010\projects\elevator\elevator\debug\elevator.tlog\cl.read.1.tlog
c:\users\philip\documents\visual studio 2010\projects\elevator\elevator\debug\elevator.tlog\cl.write.1.tlog
c:\users\philip\documents\visual studio 2010\projects\elevator\elevator\debug\elevator.tlog\link-cvtres.read.1.tlog
c:\users\philip\documents\visual studio 2010\projects\elevator\elevator\debug\elevator.tlog\link-cvtres.write.1.tlog
c:\users\philip\documents\visual studio 2010\projects\elevator\elevator\debug\elevator.tlog\link-rc.read.1.tlog
c:\users\philip\documents\visual studio 2010\projects\elevator\elevator\debug\elevator.tlog\link-rc.write.1.tlog
c:\users\philip\documents\visual studio 2010\projects\elevator\elevator\debug\elevator.tlog\link.command.1.tlog
c:\users\philip\documents\visual studio 2010\projects\elevator\elevator\debug\elevator.tlog\link.read.1.tlog
c:\users\philip\documents\visual studio 2010\projects\elevator\elevator\debug\elevator.tlog\link.write.1.tlog
