Build started 2/17/2012 5:40:38 PM.
Project "C:\Users\Philip\Documents\Visual Studio 2010\Projects\pulseLimiter\pulseLimiter\pulseLimiter.vcxproj" on node 2 (build target(s)).
PrepareForBuild:
  Creating directory "C:\Users\Philip\Documents\Visual Studio 2010\Projects\pulseLimiter\Release\".
InitializeBuildStatus:
  Creating "Release\pulseLimiter.unsuccessfulbuild" because "AlwaysCreate" was specified.
ClCompile:
  C:\Program Files (x86)\Microsoft Visual Studio 10.0\VC\bin\CL.exe /c /Zi /nologo /W3 /WX- /O2 /Oi /Oy- /GL /D WIN32 /D NDEBUG /D _CONSOLE /D _UNICODE /D UNICODE /Gm- /EHsc /MD /GS /Gy /fp:precise /Zc:wchar_t /Zc:forScope /Yc"StdAfx.h" /Fp"Release\pulseLimiter.pch" /Fo"Release\\" /Fd"Release\vc100.pdb" /Gd /TP /analyze- /errorReport:prompt stdafx.cpp
  stdafx.cpp
  C:\Program Files (x86)\Microsoft Visual Studio 10.0\VC\bin\CL.exe /c /Zi /nologo /W3 /WX- /O2 /Oi /Oy- /GL /D WIN32 /D NDEBUG /D _CONSOLE /D _UNICODE /D UNICODE /Gm- /EHsc /MD /GS /Gy /fp:precise /Zc:wchar_t /Zc:forScope /Yu"StdAfx.h" /Fp"Release\pulseLimiter.pch" /Fo"Release\\" /Fd"Release\vc100.pdb" /Gd /TP /analyze- /errorReport:prompt pulseLimiter.cpp
  pulseLimiter.cpp
pulseLimiter.cpp(1): warning C4627: '#include <iostream>': skipped when looking for precompiled header use
          Add directive to 'StdAfx.h' or rebuild precompiled header
pulseLimiter.cpp(2): warning C4627: '#include <conio.h>': skipped when looking for precompiled header use
          Add directive to 'StdAfx.h' or rebuild precompiled header
pulseLimiter.cpp(3): warning C4627: '#include <lusb0_usb.h>': skipped when looking for precompiled header use
          Add directive to 'StdAfx.h' or rebuild precompiled header
pulseLimiter.cpp(33): fatal error C1010: unexpected end of file while looking for precompiled header. Did you forget to add '#include "StdAfx.h"' to your source?
Done Building Project "C:\Users\Philip\Documents\Visual Studio 2010\Projects\pulseLimiter\pulseLimiter\pulseLimiter.vcxproj" (build target(s)) -- FAILED.

Build FAILED.

Time Elapsed 00:00:01.85
