c:\users\philip\documents\visual studio 2010\projects\atm\atm\debug\interface.obj
c:\users\philip\documents\visual studio 2010\projects\atm\atm\debug\vc100.pdb
c:\users\philip\documents\visual studio 2010\projects\atm\debug\atm.ilk
c:\users\philip\documents\visual studio 2010\projects\atm\debug\atm.exe
c:\users\philip\documents\visual studio 2010\projects\atm\atm\debug\atm.exe.intermediate.manifest
c:\users\philip\documents\visual studio 2010\projects\atm\debug\atm.pdb
c:\users\philip\documents\visual studio 2010\projects\atm\atm\debug\vc120.pdb
c:\users\philip\documents\visual studio 2010\projects\atm\atm\debug\vc120.idb
c:\users\philip\documents\visual studio 2010\projects\atm\atm\debug\atm.write.1.tlog
c:\users\philip\documents\visual studio 2010\projects\atm\atm\debug\cl.command.1.tlog
c:\users\philip\documents\visual studio 2010\projects\atm\atm\debug\cl.read.1.tlog
c:\users\philip\documents\visual studio 2010\projects\atm\atm\debug\cl.write.1.tlog
c:\users\philip\documents\visual studio 2010\projects\atm\atm\debug\link.command.1.tlog
c:\users\philip\documents\visual studio 2010\projects\atm\atm\debug\link.read.1.tlog
c:\users\philip\documents\visual studio 2010\projects\atm\atm\debug\link.write.1.tlog
c:\users\philip\documents\visual studio 2010\projects\atm\atm\debug\mt.command.1.tlog
c:\users\philip\documents\visual studio 2010\projects\atm\atm\debug\mt.read.1.tlog
c:\users\philip\documents\visual studio 2010\projects\atm\atm\debug\mt.write.1.tlog
c:\users\philip\documents\visual studio 2010\projects\atm\atm\debug\vc100.idb
c:\users\philip\documents\visual studio 2010\projects\atm\atm\debug\atm.tlog\cl.command.1.tlog
c:\users\philip\documents\visual studio 2010\projects\atm\atm\debug\atm.tlog\cl.read.1.tlog
c:\users\philip\documents\visual studio 2010\projects\atm\atm\debug\atm.tlog\cl.write.1.tlog
c:\users\philip\documents\visual studio 2010\projects\atm\atm\debug\atm.tlog\link-cvtres.read.1.tlog
c:\users\philip\documents\visual studio 2010\projects\atm\atm\debug\atm.tlog\link-cvtres.write.1.tlog
c:\users\philip\documents\visual studio 2010\projects\atm\atm\debug\atm.tlog\link-rc.read.1.tlog
c:\users\philip\documents\visual studio 2010\projects\atm\atm\debug\atm.tlog\link-rc.write.1.tlog
c:\users\philip\documents\visual studio 2010\projects\atm\atm\debug\atm.tlog\link.command.1.tlog
c:\users\philip\documents\visual studio 2010\projects\atm\atm\debug\atm.tlog\link.read.1.tlog
c:\users\philip\documents\visual studio 2010\projects\atm\atm\debug\atm.tlog\link.write.1.tlog
